2016/10/13 11:08:42 INFO  - jmeter.util.JMeterUtils: Setting Locale to zh_CN 
2016/10/13 11:08:42 INFO  - jmeter.JMeter: Loading user properties from: D:\Jmeter-fs\apache-jmeter-3.0-fs\bin\user.properties 
2016/10/13 11:08:42 INFO  - jmeter.JMeter: Loading system properties from: D:\Jmeter-fs\apache-jmeter-3.0-fs\bin\system.properties 
2016/10/13 11:08:42 INFO  - jmeter.JMeter: Copyright (c) 1998-2016 The Apache Software Foundation 
2016/10/13 11:08:42 INFO  - jmeter.JMeter: Version 3.0 r1743807 
2016/10/13 11:08:42 INFO  - jmeter.JMeter: java.version=1.8.0_74 
2016/10/13 11:08:42 INFO  - jmeter.JMeter: java.vm.name=Java HotSpot(TM) 64-Bit Server VM 
2016/10/13 11:08:42 INFO  - jmeter.JMeter: os.name=Windows 8.1 
2016/10/13 11:08:42 INFO  - jmeter.JMeter: os.arch=amd64 
2016/10/13 11:08:42 INFO  - jmeter.JMeter: os.version=6.3 
2016/10/13 11:08:42 INFO  - jmeter.JMeter: file.encoding=GBK 
2016/10/13 11:08:42 INFO  - jmeter.JMeter: Max memory     =523763712 
2016/10/13 11:08:42 INFO  - jmeter.JMeter: Available Processors =4 
2016/10/13 11:08:42 INFO  - jmeter.JMeter: Default Locale=中文 (中国) 
2016/10/13 11:08:42 INFO  - jmeter.JMeter: JMeter  Locale=中文 (中国) 
2016/10/13 11:08:42 INFO  - jmeter.JMeter: JMeterHome=D:\Jmeter-fs\apache-jmeter-3.0-fs 
2016/10/13 11:08:42 INFO  - jmeter.JMeter: user.dir  =D:\Jmeter-fs\apache-jmeter-3.0-fs\bin 
2016/10/13 11:08:42 INFO  - jmeter.JMeter: PWD       =D:\Jmeter-fs\apache-jmeter-3.0-fs\bin 
2016/10/13 11:08:42 INFO  - jmeter.JMeter: IP: 172.29.0.114 Name: PCLTA226 FullName: PCLTA226.firstshare.cn 
2016/10/13 11:08:43 INFO  - jmeter.gui.action.LookAndFeelCommand: Using look and feel: javax.swing.plaf.metal.MetalLookAndFeel [Metal, CrossPlatform] 
2016/10/13 11:08:43 INFO  - jmeter.JMeter: Loaded icon properties from org/apache/jmeter/images/icon.properties 
2016/10/13 11:08:43 INFO  - jmeter.engine.util.CompoundVariable: Note: Function class names must contain the string: '.functions.' 
2016/10/13 11:08:43 INFO  - jmeter.engine.util.CompoundVariable: Note: Function class names must not contain the string: '.gui.' 
2016/10/13 11:08:44 INFO  - kg.apc.jmeter.JMeterPluginsUtils: JMeter-Plugins.org v.1.4.0 
2016/10/13 11:08:45 INFO  - jmeter.util.BSFTestElement: Registering JMeter version of JavaScript engine as work-round for BSF-22 
2016/10/13 11:08:45 INFO  - jmeter.protocol.http.sampler.HTTPSamplerBase: Parser for text/html is org.apache.jmeter.protocol.http.parser.LagartoBasedHtmlParser 
2016/10/13 11:08:45 INFO  - jmeter.protocol.http.sampler.HTTPSamplerBase: Parser for application/xhtml+xml is org.apache.jmeter.protocol.http.parser.LagartoBasedHtmlParser 
2016/10/13 11:08:45 INFO  - jmeter.protocol.http.sampler.HTTPSamplerBase: Parser for application/xml is org.apache.jmeter.protocol.http.parser.LagartoBasedHtmlParser 
2016/10/13 11:08:45 INFO  - jmeter.protocol.http.sampler.HTTPSamplerBase: Parser for text/xml is org.apache.jmeter.protocol.http.parser.LagartoBasedHtmlParser 
2016/10/13 11:08:45 INFO  - jmeter.protocol.http.sampler.HTTPSamplerBase: Parser for text/vnd.wap.wml is org.apache.jmeter.protocol.http.parser.RegexpHTMLParser 
2016/10/13 11:08:45 INFO  - jmeter.protocol.http.sampler.HTTPSamplerBase: Parser for text/css is org.apache.jmeter.protocol.http.parser.CssParser 
2016/10/13 11:08:45 INFO  - jorphan.exec.KeyToolUtils: keytool found at 'keytool' 
2016/10/13 11:08:45 INFO  - jmeter.protocol.http.proxy.ProxyControl: HTTP(S) Test Script Recorder SSL Proxy will use keys that support embedded 3rd party resources in file D:\Jmeter-fs\apache-jmeter-3.0-fs\bin\proxyserver.jks 
2016/10/13 11:08:46 INFO  - jmeter.gui.util.MenuFactory: Skipping org.apache.jmeter.protocol.mongodb.config.MongoSourceElement 
2016/10/13 11:08:46 INFO  - jmeter.gui.util.MenuFactory: Skipping org.apache.jmeter.protocol.mongodb.sampler.MongoScriptSampler 
2016/10/13 11:08:46 INFO  - jmeter.gui.util.MenuFactory: Skipping org.apache.jmeter.visualizers.DistributionGraphVisualizer 
2016/10/13 11:08:46 INFO  - jmeter.samplers.SampleResult: Note: Sample TimeStamps are START times 
2016/10/13 11:08:46 INFO  - jmeter.samplers.SampleResult: sampleresult.default.encoding is set to ISO-8859-1 
2016/10/13 11:08:46 INFO  - jmeter.samplers.SampleResult: sampleresult.useNanoTime=true 
2016/10/13 11:08:46 INFO  - jmeter.samplers.SampleResult: sampleresult.nanoThreadSleep=5000 
2016/10/13 11:08:46 INFO  - jmeter.gui.util.MenuFactory: Skipping org.apache.jmeter.visualizers.SplineVisualizer 
2016/10/13 11:09:11 INFO  - jmeter.services.FileServer: Default base='D:\Jmeter-fs\apache-jmeter-3.0-fs\bin' 
2016/10/13 11:09:11 INFO  - jmeter.gui.action.Load: Loading file: D:\Jmeter-fs\script\KaoQin.jmx 
2016/10/13 11:09:11 INFO  - jmeter.services.FileServer: Set new base='D:\Jmeter-fs\script' 
2016/10/13 11:09:11 INFO  - jmeter.save.SaveService: Testplan (JMX) version: 2.2. Testlog (JTL) version: 2.2 
2016/10/13 11:09:11 INFO  - jmeter.save.SaveService: Using SaveService properties file encoding UTF-8 
2016/10/13 11:09:11 INFO  - jmeter.save.SaveService: Using SaveService properties version 2.9 
2016/10/13 11:09:11 INFO  - jmeter.save.SaveService: All converter versions present and correct 
2016/10/13 11:09:11 INFO  - jmeter.save.SaveService: Loading file: D:\Jmeter-fs\script\KaoQin.jmx 
2016/10/13 11:09:12 INFO  - jmeter.services.FileServer: Set new base='D:\Jmeter-fs\script' 
2016/10/13 11:09:39 INFO  - jmeter.engine.StandardJMeterEngine: Running the test! 
2016/10/13 11:09:39 INFO  - jmeter.samplers.SampleEvent: List of sample_variables: [] 
2016/10/13 11:09:39 INFO  - jmeter.samplers.SampleEvent: List of sample_variables: [] 
2016/10/13 11:09:39 INFO  - jmeter.functions.FileWrapper: Attaching userpass_kq.csv 
2016/10/13 11:09:39 INFO  - jmeter.functions.FileWrapper: Opening userpass_kq.csv as userpass_kq.csv 
2016/10/13 11:09:39 INFO  - jmeter.functions.FileWrapper: Saved userpass_kq.csv as userpass_kq.csv delimiter=<,> 
2016/10/13 11:09:39 INFO  - jmeter.functions.FileWrapper: Stored userpass_kq.csv as userpass_kq.csv 
2016/10/13 11:09:39 INFO  - kg.apc.jmeter.perfmon.PerfMonCollector: PerfMon metrics will be stored in C:\Users\zhangsm\AppData\Local\Temp\perfmon_8646367429540952858.jtl 
2016/10/13 11:10:00 INFO  - kg.apc.jmeter.perfmon.PerfMonCollector: Can't connect TCP transport for host: /10.112.32.1:4444 java.net.ConnectException: Connection timed out: connect
	at java.net.DualStackPlainSocketImpl.connect0(Native Method)
	at java.net.DualStackPlainSocketImpl.socketConnect(DualStackPlainSocketImpl.java:79)
	at java.net.AbstractPlainSocketImpl.doConnect(AbstractPlainSocketImpl.java:350)
	at java.net.AbstractPlainSocketImpl.connectToAddress(AbstractPlainSocketImpl.java:206)
	at java.net.AbstractPlainSocketImpl.connect(AbstractPlainSocketImpl.java:188)
	at java.net.PlainSocketImpl.connect(PlainSocketImpl.java:172)
	at java.net.SocksSocketImpl.connect(SocksSocketImpl.java:392)
	at java.net.Socket.connect(Socket.java:589)
	at java.net.Socket.connect(Socket.java:538)
	at kg.apc.perfmon.client.TransportFactory.TCPInstance(TransportFactory.java:91)
	at kg.apc.jmeter.perfmon.PerfMonCollector.getConnector(PerfMonCollector.java:244)
	at kg.apc.jmeter.perfmon.PerfMonCollector.initiateConnector(PerfMonCollector.java:229)
	at kg.apc.jmeter.perfmon.PerfMonCollector.initiateConnectors(PerfMonCollector.java:177)
	at kg.apc.jmeter.perfmon.PerfMonCollector.testStarted(PerfMonCollector.java:130)
	at org.apache.jmeter.reporters.ResultCollector.testStarted(ResultCollector.java:348)
	at kg.apc.jmeter.vizualizers.CorrectedResultCollector.testStarted(CorrectedResultCollector.java:28)
	at org.apache.jmeter.engine.StandardJMeterEngine.notifyTestListenersOfStart(StandardJMeterEngine.java:203)
	at org.apache.jmeter.engine.StandardJMeterEngine.run(StandardJMeterEngine.java:324)
	at java.lang.Thread.run(Thread.java:745)

2016/10/13 11:10:00 ERROR - kg.apc.jmeter.perfmon.PerfMonCollector: Problems creating connector java.net.ConnectException: Connection timed out: connect
	at java.net.DualStackPlainSocketImpl.connect0(Native Method)
	at java.net.DualStackPlainSocketImpl.socketConnect(DualStackPlainSocketImpl.java:79)
	at java.net.AbstractPlainSocketImpl.doConnect(AbstractPlainSocketImpl.java:350)
	at java.net.AbstractPlainSocketImpl.connectToAddress(AbstractPlainSocketImpl.java:206)
	at java.net.AbstractPlainSocketImpl.connect(AbstractPlainSocketImpl.java:188)
	at java.net.PlainSocketImpl.connect(PlainSocketImpl.java:172)
	at java.net.SocksSocketImpl.connect(SocksSocketImpl.java:392)
	at java.net.Socket.connect(Socket.java:589)
	at java.net.Socket.connect(Socket.java:538)
	at kg.apc.perfmon.client.TransportFactory.TCPInstance(TransportFactory.java:91)
	at kg.apc.jmeter.perfmon.PerfMonCollector.getConnector(PerfMonCollector.java:244)
	at kg.apc.jmeter.perfmon.PerfMonCollector.initiateConnector(PerfMonCollector.java:229)
	at kg.apc.jmeter.perfmon.PerfMonCollector.initiateConnectors(PerfMonCollector.java:177)
	at kg.apc.jmeter.perfmon.PerfMonCollector.testStarted(PerfMonCollector.java:130)
	at org.apache.jmeter.reporters.ResultCollector.testStarted(ResultCollector.java:348)
	at kg.apc.jmeter.vizualizers.CorrectedResultCollector.testStarted(CorrectedResultCollector.java:28)
	at org.apache.jmeter.engine.StandardJMeterEngine.notifyTestListenersOfStart(StandardJMeterEngine.java:203)
	at org.apache.jmeter.engine.StandardJMeterEngine.run(StandardJMeterEngine.java:324)
	at java.lang.Thread.run(Thread.java:745)

2016/10/13 11:10:00 ERROR - kg.apc.jmeter.perfmon.PerfMonCollector: Perfmon plugin error: java.net.ConnectException: Connection timed out: connect 
2016/10/13 11:10:00 INFO  - jmeter.gui.util.JMeterMenuBar: setRunning(true,*local*) 
2016/10/13 11:10:00 INFO  - jmeter.engine.StandardJMeterEngine: Starting setUp thread groups 
2016/10/13 11:10:00 INFO  - jmeter.engine.StandardJMeterEngine: Starting setUp ThreadGroup: 1 : setUp Thread Group 
2016/10/13 11:10:00 INFO  - jmeter.engine.StandardJMeterEngine: Starting 1 threads for group setUp Thread Group. 
2016/10/13 11:10:00 INFO  - jmeter.engine.StandardJMeterEngine: Test will stop on error 
2016/10/13 11:10:00 INFO  - jmeter.threads.ThreadGroup: Starting thread group number 1 threads 1 ramp-up 1 perThread 1000.0 delayedStart=false 
2016/10/13 11:10:00 INFO  - jmeter.threads.ThreadGroup: Started thread group number 1 
2016/10/13 11:10:00 INFO  - jmeter.engine.StandardJMeterEngine: Waiting for all setup thread groups to exit 
2016/10/13 11:10:00 INFO  - jmeter.threads.JMeterThread: Thread started: setUp Thread Group 1-1 
2016/10/13 11:10:00 INFO  - jmeter.services.FileServer: Stored: userpass_kq.csv Alias: userpass_kq.csv@1839444357 
2016/10/13 11:10:00 INFO  - jmeter.protocol.http.sampler.HTTPHCAbstractImpl: Local host = PCLTA226 
2016/10/13 11:10:00 INFO  - jmeter.protocol.http.sampler.HTTPHC4Impl: HTTP request retry count = 0 
2016/10/13 11:10:01 ERROR - kg.apc.jmeter.perfmon.PerfMonCollector: Perfmon plugin error: java.net.ConnectException: Connection timed out: connect 
2016/10/13 11:10:02 ERROR - kg.apc.jmeter.perfmon.PerfMonCollector: Perfmon plugin error: java.net.ConnectException: Connection timed out: connect 
2016/10/13 11:10:03 ERROR - kg.apc.jmeter.perfmon.PerfMonCollector: Perfmon plugin error: java.net.ConnectException: Connection timed out: connect 
2016/10/13 11:10:04 ERROR - kg.apc.jmeter.perfmon.PerfMonCollector: Perfmon plugin error: java.net.ConnectException: Connection timed out: connect 
2016/10/13 11:10:05 ERROR - kg.apc.jmeter.perfmon.PerfMonCollector: Perfmon plugin error: java.net.ConnectException: Connection timed out: connect 
2016/10/13 11:10:06 ERROR - kg.apc.jmeter.perfmon.PerfMonCollector: Perfmon plugin error: java.net.ConnectException: Connection timed out: connect 
2016/10/13 11:10:07 ERROR - kg.apc.jmeter.perfmon.PerfMonCollector: Perfmon plugin error: java.net.ConnectException: Connection timed out: connect 
2016/10/13 11:10:08 ERROR - kg.apc.jmeter.perfmon.PerfMonCollector: Perfmon plugin error: java.net.ConnectException: Connection timed out: connect 
2016/10/13 11:10:09 ERROR - kg.apc.jmeter.perfmon.PerfMonCollector: Perfmon plugin error: java.net.ConnectException: Connection timed out: connect 
2016/10/13 11:10:10 ERROR - kg.apc.jmeter.perfmon.PerfMonCollector: Perfmon plugin error: java.net.ConnectException: Connection timed out: connect 
2016/10/13 11:10:11 ERROR - kg.apc.jmeter.perfmon.PerfMonCollector: Perfmon plugin error: java.net.ConnectException: Connection timed out: connect 
2016/10/13 11:10:12 ERROR - kg.apc.jmeter.perfmon.PerfMonCollector: Perfmon plugin error: java.net.ConnectException: Connection timed out: connect 
2016/10/13 11:10:13 ERROR - kg.apc.jmeter.perfmon.PerfMonCollector: Perfmon plugin error: java.net.ConnectException: Connection timed out: connect 
2016/10/13 11:10:14 ERROR - kg.apc.jmeter.perfmon.PerfMonCollector: Perfmon plugin error: java.net.ConnectException: Connection timed out: connect 
2016/10/13 11:10:15 ERROR - kg.apc.jmeter.perfmon.PerfMonCollector: Perfmon plugin error: java.net.ConnectException: Connection timed out: connect 
2016/10/13 11:10:16 ERROR - kg.apc.jmeter.perfmon.PerfMonCollector: Perfmon plugin error: java.net.ConnectException: Connection timed out: connect 
2016/10/13 11:10:17 ERROR - kg.apc.jmeter.perfmon.PerfMonCollector: Perfmon plugin error: java.net.ConnectException: Connection timed out: connect 
2016/10/13 11:10:18 ERROR - kg.apc.jmeter.perfmon.PerfMonCollector: Perfmon plugin error: java.net.ConnectException: Connection timed out: connect 
2016/10/13 11:10:19 ERROR - kg.apc.jmeter.perfmon.PerfMonCollector: Perfmon plugin error: java.net.ConnectException: Connection timed out: connect 
2016/10/13 11:10:20 ERROR - kg.apc.jmeter.perfmon.PerfMonCollector: Perfmon plugin error: java.net.ConnectException: Connection timed out: connect 
2016/10/13 11:10:21 ERROR - kg.apc.jmeter.perfmon.PerfMonCollector: Perfmon plugin error: java.net.ConnectException: Connection timed out: connect 
2016/10/13 11:10:22 ERROR - kg.apc.jmeter.perfmon.PerfMonCollector: Perfmon plugin error: java.net.ConnectException: Connection timed out: connect 
2016/10/13 11:10:23 ERROR - kg.apc.jmeter.perfmon.PerfMonCollector: Perfmon plugin error: java.net.ConnectException: Connection timed out: connect 
2016/10/13 11:10:24 ERROR - kg.apc.jmeter.perfmon.PerfMonCollector: Perfmon plugin error: java.net.ConnectException: Connection timed out: connect 
2016/10/13 11:10:25 ERROR - kg.apc.jmeter.perfmon.PerfMonCollector: Perfmon plugin error: java.net.ConnectException: Connection timed out: connect 
2016/10/13 11:10:26 ERROR - kg.apc.jmeter.perfmon.PerfMonCollector: Perfmon plugin error: java.net.ConnectException: Connection timed out: connect 
2016/10/13 11:10:27 ERROR - kg.apc.jmeter.perfmon.PerfMonCollector: Perfmon plugin error: java.net.ConnectException: Connection timed out: connect 
2016/10/13 11:10:28 ERROR - kg.apc.jmeter.perfmon.PerfMonCollector: Perfmon plugin error: java.net.ConnectException: Connection timed out: connect 
2016/10/13 11:10:29 ERROR - kg.apc.jmeter.perfmon.PerfMonCollector: Perfmon plugin error: java.net.ConnectException: Connection timed out: connect 
2016/10/13 11:10:30 ERROR - kg.apc.jmeter.perfmon.PerfMonCollector: Perfmon plugin error: java.net.ConnectException: Connection timed out: connect 
2016/10/13 11:10:30 INFO  - jmeter.threads.JMeterThread: Thread is done: setUp Thread Group 1-1 
2016/10/13 11:10:30 INFO  - jmeter.threads.JMeterThread: Thread finished: setUp Thread Group 1-1 
2016/10/13 11:10:30 INFO  - jmeter.engine.StandardJMeterEngine: All Setup Threads have ended 
2016/10/13 11:10:30 INFO  - jmeter.engine.StandardJMeterEngine: Starting ThreadGroup: 1 : Thread Group 
2016/10/13 11:10:30 INFO  - jmeter.engine.StandardJMeterEngine: Starting 20 threads for group Thread Group. 
2016/10/13 11:10:30 INFO  - jmeter.engine.StandardJMeterEngine: Thread will start next loop on error 
2016/10/13 11:10:30 INFO  - jmeter.threads.ThreadGroup: Starting thread group number 1 threads 20 ramp-up 1 perThread 50.0 delayedStart=false 
2016/10/13 11:10:30 INFO  - jmeter.threads.JMeterThread: Thread started: Thread Group 1-1 
2016/10/13 11:10:30 INFO  - jmeter.threads.ThreadGroup: Started thread group number 1 
2016/10/13 11:10:30 INFO  - jmeter.engine.StandardJMeterEngine: All thread groups have been started 
2016/10/13 11:10:30 INFO  - jmeter.threads.JMeterThread: Thread started: Thread Group 1-2 
2016/10/13 11:10:31 INFO  - jmeter.threads.JMeterThread: Thread started: Thread Group 1-3 
2016/10/13 11:10:31 INFO  - jmeter.threads.JMeterThread: Thread started: Thread Group 1-4 
2016/10/13 11:10:31 INFO  - jmeter.threads.JMeterThread: Thread started: Thread Group 1-5 
2016/10/13 11:10:31 INFO  - jmeter.threads.JMeterThread: Thread started: Thread Group 1-6 
2016/10/13 11:10:31 INFO  - jmeter.threads.JMeterThread: Thread started: Thread Group 1-7 
2016/10/13 11:10:31 INFO  - jmeter.threads.JMeterThread: Thread started: Thread Group 1-8 
2016/10/13 11:10:31 INFO  - jmeter.threads.JMeterThread: Thread started: Thread Group 1-9 
2016/10/13 11:10:31 INFO  - jmeter.threads.JMeterThread: Thread started: Thread Group 1-10 
2016/10/13 11:10:31 INFO  - jmeter.threads.JMeterThread: Thread started: Thread Group 1-11 
2016/10/13 11:10:31 INFO  - jmeter.threads.JMeterThread: Thread started: Thread Group 1-12 
2016/10/13 11:10:31 INFO  - jmeter.threads.JMeterThread: Thread started: Thread Group 1-13 
2016/10/13 11:10:31 ERROR - kg.apc.jmeter.perfmon.PerfMonCollector: Perfmon plugin error: java.net.ConnectException: Connection timed out: connect 
2016/10/13 11:10:31 INFO  - jmeter.threads.JMeterThread: Thread started: Thread Group 1-14 
2016/10/13 11:10:31 INFO  - jmeter.threads.JMeterThread: Thread started: Thread Group 1-15 
2016/10/13 11:10:31 INFO  - jmeter.threads.JMeterThread: Thread started: Thread Group 1-16 
2016/10/13 11:10:31 INFO  - jmeter.threads.JMeterThread: Thread started: Thread Group 1-17 
2016/10/13 11:10:31 INFO  - jmeter.threads.JMeterThread: Thread started: Thread Group 1-18 
2016/10/13 11:10:31 INFO  - jmeter.threads.JMeterThread: Thread started: Thread Group 1-19 
2016/10/13 11:10:31 INFO  - jmeter.threads.JMeterThread: Thread started: Thread Group 1-20 
2016/10/13 11:10:32 ERROR - kg.apc.jmeter.perfmon.PerfMonCollector: Perfmon plugin error: java.net.ConnectException: Connection timed out: connect 
2016/10/13 11:10:33 ERROR - kg.apc.jmeter.perfmon.PerfMonCollector: Perfmon plugin error: java.net.ConnectException: Connection timed out: connect 
2016/10/13 11:10:34 ERROR - kg.apc.jmeter.perfmon.PerfMonCollector: Perfmon plugin error: java.net.ConnectException: Connection timed out: connect 
2016/10/13 11:10:35 ERROR - kg.apc.jmeter.perfmon.PerfMonCollector: Perfmon plugin error: java.net.ConnectException: Connection timed out: connect 
2016/10/13 11:10:36 ERROR - kg.apc.jmeter.perfmon.PerfMonCollector: Perfmon plugin error: java.net.ConnectException: Connection timed out: connect 
2016/10/13 11:10:37 ERROR - kg.apc.jmeter.perfmon.PerfMonCollector: Perfmon plugin error: java.net.ConnectException: Connection timed out: connect 
2016/10/13 11:10:38 ERROR - kg.apc.jmeter.perfmon.PerfMonCollector: Perfmon plugin error: java.net.ConnectException: Connection timed out: connect 
2016/10/13 11:10:39 ERROR - kg.apc.jmeter.perfmon.PerfMonCollector: Perfmon plugin error: java.net.ConnectException: Connection timed out: connect 
2016/10/13 11:10:40 ERROR - kg.apc.jmeter.perfmon.PerfMonCollector: Perfmon plugin error: java.net.ConnectException: Connection timed out: connect 
2016/10/13 11:10:41 ERROR - kg.apc.jmeter.perfmon.PerfMonCollector: Perfmon plugin error: java.net.ConnectException: Connection timed out: connect 
2016/10/13 11:10:42 ERROR - kg.apc.jmeter.perfmon.PerfMonCollector: Perfmon plugin error: java.net.ConnectException: Connection timed out: connect 
2016/10/13 11:10:43 ERROR - kg.apc.jmeter.perfmon.PerfMonCollector: Perfmon plugin error: java.net.ConnectException: Connection timed out: connect 
2016/10/13 11:10:44 ERROR - kg.apc.jmeter.perfmon.PerfMonCollector: Perfmon plugin error: java.net.ConnectException: Connection timed out: connect 
2016/10/13 11:10:45 ERROR - kg.apc.jmeter.perfmon.PerfMonCollector: Perfmon plugin error: java.net.ConnectException: Connection timed out: connect 
2016/10/13 11:10:46 ERROR - kg.apc.jmeter.perfmon.PerfMonCollector: Perfmon plugin error: java.net.ConnectException: Connection timed out: connect 
2016/10/13 11:10:47 ERROR - kg.apc.jmeter.perfmon.PerfMonCollector: Perfmon plugin error: java.net.ConnectException: Connection timed out: connect 
2016/10/13 11:10:48 ERROR - kg.apc.jmeter.perfmon.PerfMonCollector: Perfmon plugin error: java.net.ConnectException: Connection timed out: connect 
2016/10/13 11:10:49 ERROR - kg.apc.jmeter.perfmon.PerfMonCollector: Perfmon plugin error: java.net.ConnectException: Connection timed out: connect 
2016/10/13 11:10:50 ERROR - kg.apc.jmeter.perfmon.PerfMonCollector: Perfmon plugin error: java.net.ConnectException: Connection timed out: connect 
2016/10/13 11:10:51 ERROR - kg.apc.jmeter.perfmon.PerfMonCollector: Perfmon plugin error: java.net.ConnectException: Connection timed out: connect 
2016/10/13 11:10:52 ERROR - kg.apc.jmeter.perfmon.PerfMonCollector: Perfmon plugin error: java.net.ConnectException: Connection timed out: connect 
2016/10/13 11:10:53 ERROR - kg.apc.jmeter.perfmon.PerfMonCollector: Perfmon plugin error: java.net.ConnectException: Connection timed out: connect 
2016/10/13 11:10:54 ERROR - kg.apc.jmeter.perfmon.PerfMonCollector: Perfmon plugin error: java.net.ConnectException: Connection timed out: connect 
2016/10/13 11:10:55 ERROR - kg.apc.jmeter.perfmon.PerfMonCollector: Perfmon plugin error: java.net.ConnectException: Connection timed out: connect 
2016/10/13 11:10:56 ERROR - kg.apc.jmeter.perfmon.PerfMonCollector: Perfmon plugin error: java.net.ConnectException: Connection timed out: connect 
2016/10/13 11:10:57 ERROR - kg.apc.jmeter.perfmon.PerfMonCollector: Perfmon plugin error: java.net.ConnectException: Connection timed out: connect 
2016/10/13 11:10:58 ERROR - kg.apc.jmeter.perfmon.PerfMonCollector: Perfmon plugin error: java.net.ConnectException: Connection timed out: connect 
2016/10/13 11:10:59 ERROR - kg.apc.jmeter.perfmon.PerfMonCollector: Perfmon plugin error: java.net.ConnectException: Connection timed out: connect 
2016/10/13 11:11:00 ERROR - kg.apc.jmeter.perfmon.PerfMonCollector: Perfmon plugin error: java.net.ConnectException: Connection timed out: connect 
2016/10/13 11:11:01 ERROR - kg.apc.jmeter.perfmon.PerfMonCollector: Perfmon plugin error: java.net.ConnectException: Connection timed out: connect 
2016/10/13 11:11:02 ERROR - kg.apc.jmeter.perfmon.PerfMonCollector: Perfmon plugin error: java.net.ConnectException: Connection timed out: connect 
2016/10/13 11:11:03 ERROR - kg.apc.jmeter.perfmon.PerfMonCollector: Perfmon plugin error: java.net.ConnectException: Connection timed out: connect 
2016/10/13 11:11:04 ERROR - kg.apc.jmeter.perfmon.PerfMonCollector: Perfmon plugin error: java.net.ConnectException: Connection timed out: connect 
2016/10/13 11:11:05 ERROR - kg.apc.jmeter.perfmon.PerfMonCollector: Perfmon plugin error: java.net.ConnectException: Connection timed out: connect 
2016/10/13 11:11:06 ERROR - kg.apc.jmeter.perfmon.PerfMonCollector: Perfmon plugin error: java.net.ConnectException: Connection timed out: connect 
2016/10/13 11:11:07 ERROR - kg.apc.jmeter.perfmon.PerfMonCollector: Perfmon plugin error: java.net.ConnectException: Connection timed out: connect 
2016/10/13 11:11:08 ERROR - kg.apc.jmeter.perfmon.PerfMonCollector: Perfmon plugin error: java.net.ConnectException: Connection timed out: connect 
2016/10/13 11:11:09 ERROR - kg.apc.jmeter.perfmon.PerfMonCollector: Perfmon plugin error: java.net.ConnectException: Connection timed out: connect 
2016/10/13 11:11:10 ERROR - kg.apc.jmeter.perfmon.PerfMonCollector: Perfmon plugin error: java.net.ConnectException: Connection timed out: connect 
2016/10/13 11:11:11 ERROR - kg.apc.jmeter.perfmon.PerfMonCollector: Perfmon plugin error: java.net.ConnectException: Connection timed out: connect 
2016/10/13 11:11:12 ERROR - kg.apc.jmeter.perfmon.PerfMonCollector: Perfmon plugin error: java.net.ConnectException: Connection timed out: connect 
2016/10/13 11:11:13 ERROR - kg.apc.jmeter.perfmon.PerfMonCollector: Perfmon plugin error: java.net.ConnectException: Connection timed out: connect 
2016/10/13 11:11:14 ERROR - kg.apc.jmeter.perfmon.PerfMonCollector: Perfmon plugin error: java.net.ConnectException: Connection timed out: connect 
2016/10/13 11:11:15 ERROR - kg.apc.jmeter.perfmon.PerfMonCollector: Perfmon plugin error: java.net.ConnectException: Connection timed out: connect 
2016/10/13 11:11:16 ERROR - kg.apc.jmeter.perfmon.PerfMonCollector: Perfmon plugin error: java.net.ConnectException: Connection timed out: connect 
2016/10/13 11:11:17 ERROR - kg.apc.jmeter.perfmon.PerfMonCollector: Perfmon plugin error: java.net.ConnectException: Connection timed out: connect 
2016/10/13 11:11:18 ERROR - kg.apc.jmeter.perfmon.PerfMonCollector: Perfmon plugin error: java.net.ConnectException: Connection timed out: connect 
2016/10/13 11:11:19 ERROR - kg.apc.jmeter.perfmon.PerfMonCollector: Perfmon plugin error: java.net.ConnectException: Connection timed out: connect 
2016/10/13 11:11:20 ERROR - kg.apc.jmeter.perfmon.PerfMonCollector: Perfmon plugin error: java.net.ConnectException: Connection timed out: connect 
2016/10/13 11:11:21 ERROR - kg.apc.jmeter.perfmon.PerfMonCollector: Perfmon plugin error: java.net.ConnectException: Connection timed out: connect 
2016/10/13 11:11:22 ERROR - kg.apc.jmeter.perfmon.PerfMonCollector: Perfmon plugin error: java.net.ConnectException: Connection timed out: connect 
2016/10/13 11:11:23 ERROR - kg.apc.jmeter.perfmon.PerfMonCollector: Perfmon plugin error: java.net.ConnectException: Connection timed out: connect 
2016/10/13 11:11:24 ERROR - kg.apc.jmeter.perfmon.PerfMonCollector: Perfmon plugin error: java.net.ConnectException: Connection timed out: connect 
2016/10/13 11:11:25 ERROR - kg.apc.jmeter.perfmon.PerfMonCollector: Perfmon plugin error: java.net.ConnectException: Connection timed out: connect 
2016/10/13 11:11:26 ERROR - kg.apc.jmeter.perfmon.PerfMonCollector: Perfmon plugin error: java.net.ConnectException: Connection timed out: connect 
2016/10/13 11:11:27 ERROR - kg.apc.jmeter.perfmon.PerfMonCollector: Perfmon plugin error: java.net.ConnectException: Connection timed out: connect 
2016/10/13 11:11:28 ERROR - kg.apc.jmeter.perfmon.PerfMonCollector: Perfmon plugin error: java.net.ConnectException: Connection timed out: connect 
2016/10/13 11:11:29 ERROR - kg.apc.jmeter.perfmon.PerfMonCollector: Perfmon plugin error: java.net.ConnectException: Connection timed out: connect 
2016/10/13 11:11:30 ERROR - kg.apc.jmeter.perfmon.PerfMonCollector: Perfmon plugin error: java.net.ConnectException: Connection timed out: connect 
2016/10/13 11:11:31 ERROR - kg.apc.jmeter.perfmon.PerfMonCollector: Perfmon plugin error: java.net.ConnectException: Connection timed out: connect 
2016/10/13 11:11:32 ERROR - kg.apc.jmeter.perfmon.PerfMonCollector: Perfmon plugin error: java.net.ConnectException: Connection timed out: connect 
2016/10/13 11:11:33 ERROR - kg.apc.jmeter.perfmon.PerfMonCollector: Perfmon plugin error: java.net.ConnectException: Connection timed out: connect 
2016/10/13 11:11:34 ERROR - kg.apc.jmeter.perfmon.PerfMonCollector: Perfmon plugin error: java.net.ConnectException: Connection timed out: connect 
2016/10/13 11:11:35 ERROR - kg.apc.jmeter.perfmon.PerfMonCollector: Perfmon plugin error: java.net.ConnectException: Connection timed out: connect 
2016/10/13 11:11:36 ERROR - kg.apc.jmeter.perfmon.PerfMonCollector: Perfmon plugin error: java.net.ConnectException: Connection timed out: connect 
2016/10/13 11:11:37 ERROR - kg.apc.jmeter.perfmon.PerfMonCollector: Perfmon plugin error: java.net.ConnectException: Connection timed out: connect 
2016/10/13 11:11:38 ERROR - kg.apc.jmeter.perfmon.PerfMonCollector: Perfmon plugin error: java.net.ConnectException: Connection timed out: connect 
2016/10/13 11:11:39 ERROR - kg.apc.jmeter.perfmon.PerfMonCollector: Perfmon plugin error: java.net.ConnectException: Connection timed out: connect 
2016/10/13 11:11:40 ERROR - kg.apc.jmeter.perfmon.PerfMonCollector: Perfmon plugin error: java.net.ConnectException: Connection timed out: connect 
2016/10/13 11:11:41 ERROR - kg.apc.jmeter.perfmon.PerfMonCollector: Perfmon plugin error: java.net.ConnectException: Connection timed out: connect 
2016/10/13 11:11:42 ERROR - kg.apc.jmeter.perfmon.PerfMonCollector: Perfmon plugin error: java.net.ConnectException: Connection timed out: connect 
2016/10/13 11:11:43 ERROR - kg.apc.jmeter.perfmon.PerfMonCollector: Perfmon plugin error: java.net.ConnectException: Connection timed out: connect 
2016/10/13 11:11:44 ERROR - kg.apc.jmeter.perfmon.PerfMonCollector: Perfmon plugin error: java.net.ConnectException: Connection timed out: connect 
2016/10/13 11:11:45 ERROR - kg.apc.jmeter.perfmon.PerfMonCollector: Perfmon plugin error: java.net.ConnectException: Connection timed out: connect 
2016/10/13 11:11:46 ERROR - kg.apc.jmeter.perfmon.PerfMonCollector: Perfmon plugin error: java.net.ConnectException: Connection timed out: connect 
2016/10/13 11:11:47 ERROR - kg.apc.jmeter.perfmon.PerfMonCollector: Perfmon plugin error: java.net.ConnectException: Connection timed out: connect 
2016/10/13 11:11:48 ERROR - kg.apc.jmeter.perfmon.PerfMonCollector: Perfmon plugin error: java.net.ConnectException: Connection timed out: connect 
2016/10/13 11:11:49 ERROR - kg.apc.jmeter.perfmon.PerfMonCollector: Perfmon plugin error: java.net.ConnectException: Connection timed out: connect 
2016/10/13 11:11:50 ERROR - kg.apc.jmeter.perfmon.PerfMonCollector: Perfmon plugin error: java.net.ConnectException: Connection timed out: connect 
2016/10/13 11:11:51 ERROR - kg.apc.jmeter.perfmon.PerfMonCollector: Perfmon plugin error: java.net.ConnectException: Connection timed out: connect 
2016/10/13 11:11:52 ERROR - kg.apc.jmeter.perfmon.PerfMonCollector: Perfmon plugin error: java.net.ConnectException: Connection timed out: connect 
2016/10/13 11:11:53 ERROR - kg.apc.jmeter.perfmon.PerfMonCollector: Perfmon plugin error: java.net.ConnectException: Connection timed out: connect 
2016/10/13 11:11:54 ERROR - kg.apc.jmeter.perfmon.PerfMonCollector: Perfmon plugin error: java.net.ConnectException: Connection timed out: connect 
2016/10/13 11:11:55 ERROR - kg.apc.jmeter.perfmon.PerfMonCollector: Perfmon plugin error: java.net.ConnectException: Connection timed out: connect 
2016/10/13 11:11:56 ERROR - kg.apc.jmeter.perfmon.PerfMonCollector: Perfmon plugin error: java.net.ConnectException: Connection timed out: connect 
2016/10/13 11:11:57 ERROR - kg.apc.jmeter.perfmon.PerfMonCollector: Perfmon plugin error: java.net.ConnectException: Connection timed out: connect 
2016/10/13 11:11:58 ERROR - kg.apc.jmeter.perfmon.PerfMonCollector: Perfmon plugin error: java.net.ConnectException: Connection timed out: connect 
2016/10/13 11:11:59 ERROR - kg.apc.jmeter.perfmon.PerfMonCollector: Perfmon plugin error: java.net.ConnectException: Connection timed out: connect 
2016/10/13 11:12:00 ERROR - kg.apc.jmeter.perfmon.PerfMonCollector: Perfmon plugin error: java.net.ConnectException: Connection timed out: connect 
2016/10/13 11:12:01 ERROR - kg.apc.jmeter.perfmon.PerfMonCollector: Perfmon plugin error: java.net.ConnectException: Connection timed out: connect 
2016/10/13 11:12:02 ERROR - kg.apc.jmeter.perfmon.PerfMonCollector: Perfmon plugin error: java.net.ConnectException: Connection timed out: connect 
2016/10/13 11:12:03 ERROR - kg.apc.jmeter.perfmon.PerfMonCollector: Perfmon plugin error: java.net.ConnectException: Connection timed out: connect 
2016/10/13 11:12:04 ERROR - kg.apc.jmeter.perfmon.PerfMonCollector: Perfmon plugin error: java.net.ConnectException: Connection timed out: connect 
2016/10/13 11:12:05 ERROR - kg.apc.jmeter.perfmon.PerfMonCollector: Perfmon plugin error: java.net.ConnectException: Connection timed out: connect 
2016/10/13 11:12:06 ERROR - kg.apc.jmeter.perfmon.PerfMonCollector: Perfmon plugin error: java.net.ConnectException: Connection timed out: connect 
2016/10/13 11:12:07 ERROR - kg.apc.jmeter.perfmon.PerfMonCollector: Perfmon plugin error: java.net.ConnectException: Connection timed out: connect 
2016/10/13 11:12:08 ERROR - kg.apc.jmeter.perfmon.PerfMonCollector: Perfmon plugin error: java.net.ConnectException: Connection timed out: connect 
2016/10/13 11:12:09 ERROR - kg.apc.jmeter.perfmon.PerfMonCollector: Perfmon plugin error: java.net.ConnectException: Connection timed out: connect 
2016/10/13 11:12:10 ERROR - kg.apc.jmeter.perfmon.PerfMonCollector: Perfmon plugin error: java.net.ConnectException: Connection timed out: connect 
2016/10/13 11:12:11 ERROR - kg.apc.jmeter.perfmon.PerfMonCollector: Perfmon plugin error: java.net.ConnectException: Connection timed out: connect 
2016/10/13 11:12:12 ERROR - kg.apc.jmeter.perfmon.PerfMonCollector: Perfmon plugin error: java.net.ConnectException: Connection timed out: connect 
2016/10/13 11:12:13 ERROR - kg.apc.jmeter.perfmon.PerfMonCollector: Perfmon plugin error: java.net.ConnectException: Connection timed out: connect 
2016/10/13 11:12:14 ERROR - kg.apc.jmeter.perfmon.PerfMonCollector: Perfmon plugin error: java.net.ConnectException: Connection timed out: connect 
2016/10/13 11:12:15 ERROR - kg.apc.jmeter.perfmon.PerfMonCollector: Perfmon plugin error: java.net.ConnectException: Connection timed out: connect 
2016/10/13 11:12:16 ERROR - kg.apc.jmeter.perfmon.PerfMonCollector: Perfmon plugin error: java.net.ConnectException: Connection timed out: connect 
2016/10/13 11:12:17 ERROR - kg.apc.jmeter.perfmon.PerfMonCollector: Perfmon plugin error: java.net.ConnectException: Connection timed out: connect 
2016/10/13 11:12:18 ERROR - kg.apc.jmeter.perfmon.PerfMonCollector: Perfmon plugin error: java.net.ConnectException: Connection timed out: connect 
2016/10/13 11:12:19 ERROR - kg.apc.jmeter.perfmon.PerfMonCollector: Perfmon plugin error: java.net.ConnectException: Connection timed out: connect 
2016/10/13 11:12:20 ERROR - kg.apc.jmeter.perfmon.PerfMonCollector: Perfmon plugin error: java.net.ConnectException: Connection timed out: connect 
2016/10/13 11:12:21 ERROR - kg.apc.jmeter.perfmon.PerfMonCollector: Perfmon plugin error: java.net.ConnectException: Connection timed out: connect 
2016/10/13 11:12:22 ERROR - kg.apc.jmeter.perfmon.PerfMonCollector: Perfmon plugin error: java.net.ConnectException: Connection timed out: connect 
2016/10/13 11:12:23 ERROR - kg.apc.jmeter.perfmon.PerfMonCollector: Perfmon plugin error: java.net.ConnectException: Connection timed out: connect 
2016/10/13 11:12:24 ERROR - kg.apc.jmeter.perfmon.PerfMonCollector: Perfmon plugin error: java.net.ConnectException: Connection timed out: connect 
2016/10/13 11:12:25 ERROR - kg.apc.jmeter.perfmon.PerfMonCollector: Perfmon plugin error: java.net.ConnectException: Connection timed out: connect 
2016/10/13 11:12:26 ERROR - kg.apc.jmeter.perfmon.PerfMonCollector: Perfmon plugin error: java.net.ConnectException: Connection timed out: connect 
2016/10/13 11:12:27 ERROR - kg.apc.jmeter.perfmon.PerfMonCollector: Perfmon plugin error: java.net.ConnectException: Connection timed out: connect 
2016/10/13 11:12:28 ERROR - kg.apc.jmeter.perfmon.PerfMonCollector: Perfmon plugin error: java.net.ConnectException: Connection timed out: connect 
2016/10/13 11:12:29 ERROR - kg.apc.jmeter.perfmon.PerfMonCollector: Perfmon plugin error: java.net.ConnectException: Connection timed out: connect 
2016/10/13 11:12:30 ERROR - kg.apc.jmeter.perfmon.PerfMonCollector: Perfmon plugin error: java.net.ConnectException: Connection timed out: connect 
2016/10/13 11:12:31 ERROR - kg.apc.jmeter.perfmon.PerfMonCollector: Perfmon plugin error: java.net.ConnectException: Connection timed out: connect 
2016/10/13 11:12:32 ERROR - kg.apc.jmeter.perfmon.PerfMonCollector: Perfmon plugin error: java.net.ConnectException: Connection timed out: connect 
2016/10/13 11:12:33 ERROR - kg.apc.jmeter.perfmon.PerfMonCollector: Perfmon plugin error: java.net.ConnectException: Connection timed out: connect 
2016/10/13 11:12:34 ERROR - kg.apc.jmeter.perfmon.PerfMonCollector: Perfmon plugin error: java.net.ConnectException: Connection timed out: connect 
2016/10/13 11:12:35 ERROR - kg.apc.jmeter.perfmon.PerfMonCollector: Perfmon plugin error: java.net.ConnectException: Connection timed out: connect 
2016/10/13 11:12:36 ERROR - kg.apc.jmeter.perfmon.PerfMonCollector: Perfmon plugin error: java.net.ConnectException: Connection timed out: connect 
2016/10/13 11:12:37 ERROR - kg.apc.jmeter.perfmon.PerfMonCollector: Perfmon plugin error: java.net.ConnectException: Connection timed out: connect 
2016/10/13 11:12:38 ERROR - kg.apc.jmeter.perfmon.PerfMonCollector: Perfmon plugin error: java.net.ConnectException: Connection timed out: connect 
2016/10/13 11:12:39 ERROR - kg.apc.jmeter.perfmon.PerfMonCollector: Perfmon plugin error: java.net.ConnectException: Connection timed out: connect 
2016/10/13 11:12:40 ERROR - kg.apc.jmeter.perfmon.PerfMonCollector: Perfmon plugin error: java.net.ConnectException: Connection timed out: connect 
2016/10/13 11:12:41 ERROR - kg.apc.jmeter.perfmon.PerfMonCollector: Perfmon plugin error: java.net.ConnectException: Connection timed out: connect 
2016/10/13 11:12:42 ERROR - kg.apc.jmeter.perfmon.PerfMonCollector: Perfmon plugin error: java.net.ConnectException: Connection timed out: connect 
2016/10/13 11:12:43 ERROR - kg.apc.jmeter.perfmon.PerfMonCollector: Perfmon plugin error: java.net.ConnectException: Connection timed out: connect 
2016/10/13 11:12:44 ERROR - kg.apc.jmeter.perfmon.PerfMonCollector: Perfmon plugin error: java.net.ConnectException: Connection timed out: connect 
2016/10/13 11:12:45 ERROR - kg.apc.jmeter.perfmon.PerfMonCollector: Perfmon plugin error: java.net.ConnectException: Connection timed out: connect 
2016/10/13 11:12:46 ERROR - kg.apc.jmeter.perfmon.PerfMonCollector: Perfmon plugin error: java.net.ConnectException: Connection timed out: connect 
2016/10/13 11:12:47 ERROR - kg.apc.jmeter.perfmon.PerfMonCollector: Perfmon plugin error: java.net.ConnectException: Connection timed out: connect 
2016/10/13 11:12:48 ERROR - kg.apc.jmeter.perfmon.PerfMonCollector: Perfmon plugin error: java.net.ConnectException: Connection timed out: connect 
2016/10/13 11:12:49 ERROR - kg.apc.jmeter.perfmon.PerfMonCollector: Perfmon plugin error: java.net.ConnectException: Connection timed out: connect 
2016/10/13 11:12:50 ERROR - kg.apc.jmeter.perfmon.PerfMonCollector: Perfmon plugin error: java.net.ConnectException: Connection timed out: connect 
2016/10/13 11:12:51 ERROR - kg.apc.jmeter.perfmon.PerfMonCollector: Perfmon plugin error: java.net.ConnectException: Connection timed out: connect 
2016/10/13 11:12:52 ERROR - kg.apc.jmeter.perfmon.PerfMonCollector: Perfmon plugin error: java.net.ConnectException: Connection timed out: connect 
2016/10/13 11:12:53 ERROR - kg.apc.jmeter.perfmon.PerfMonCollector: Perfmon plugin error: java.net.ConnectException: Connection timed out: connect 
2016/10/13 11:12:54 ERROR - kg.apc.jmeter.perfmon.PerfMonCollector: Perfmon plugin error: java.net.ConnectException: Connection timed out: connect 
2016/10/13 11:12:55 ERROR - kg.apc.jmeter.perfmon.PerfMonCollector: Perfmon plugin error: java.net.ConnectException: Connection timed out: connect 
2016/10/13 11:12:56 ERROR - kg.apc.jmeter.perfmon.PerfMonCollector: Perfmon plugin error: java.net.ConnectException: Connection timed out: connect 
2016/10/13 11:12:57 ERROR - kg.apc.jmeter.perfmon.PerfMonCollector: Perfmon plugin error: java.net.ConnectException: Connection timed out: connect 
2016/10/13 11:12:58 ERROR - kg.apc.jmeter.perfmon.PerfMonCollector: Perfmon plugin error: java.net.ConnectException: Connection timed out: connect 
2016/10/13 11:12:59 ERROR - kg.apc.jmeter.perfmon.PerfMonCollector: Perfmon plugin error: java.net.ConnectException: Connection timed out: connect 
2016/10/13 11:13:00 ERROR - kg.apc.jmeter.perfmon.PerfMonCollector: Perfmon plugin error: java.net.ConnectException: Connection timed out: connect 
2016/10/13 11:13:00 INFO  - jmeter.threads.JMeterThread: Thread is done: Thread Group 1-1 
2016/10/13 11:13:00 INFO  - jmeter.threads.JMeterThread: Thread finished: Thread Group 1-1 
2016/10/13 11:13:00 INFO  - jmeter.threads.JMeterThread: Thread is done: Thread Group 1-2 
2016/10/13 11:13:00 INFO  - jmeter.threads.JMeterThread: Thread finished: Thread Group 1-2 
2016/10/13 11:13:01 INFO  - jmeter.threads.JMeterThread: Thread is done: Thread Group 1-3 
2016/10/13 11:13:01 INFO  - jmeter.threads.JMeterThread: Thread finished: Thread Group 1-3 
2016/10/13 11:13:01 INFO  - jmeter.threads.JMeterThread: Thread is done: Thread Group 1-4 
2016/10/13 11:13:01 INFO  - jmeter.threads.JMeterThread: Thread finished: Thread Group 1-4 
2016/10/13 11:13:01 INFO  - jmeter.threads.JMeterThread: Thread is done: Thread Group 1-5 
2016/10/13 11:13:01 INFO  - jmeter.threads.JMeterThread: Thread finished: Thread Group 1-5 
2016/10/13 11:13:01 INFO  - jmeter.threads.JMeterThread: Thread is done: Thread Group 1-6 
2016/10/13 11:13:01 INFO  - jmeter.threads.JMeterThread: Thread finished: Thread Group 1-6 
2016/10/13 11:13:01 INFO  - jmeter.threads.JMeterThread: Thread is done: Thread Group 1-7 
2016/10/13 11:13:01 INFO  - jmeter.threads.JMeterThread: Thread finished: Thread Group 1-7 
2016/10/13 11:13:01 INFO  - jmeter.threads.JMeterThread: Thread is done: Thread Group 1-8 
2016/10/13 11:13:01 INFO  - jmeter.threads.JMeterThread: Thread finished: Thread Group 1-8 
2016/10/13 11:13:01 INFO  - jmeter.threads.JMeterThread: Thread is done: Thread Group 1-9 
2016/10/13 11:13:01 INFO  - jmeter.threads.JMeterThread: Thread finished: Thread Group 1-9 
2016/10/13 11:13:01 INFO  - jmeter.threads.JMeterThread: Thread is done: Thread Group 1-10 
2016/10/13 11:13:01 INFO  - jmeter.threads.JMeterThread: Thread finished: Thread Group 1-10 
2016/10/13 11:13:01 INFO  - jmeter.threads.JMeterThread: Thread is done: Thread Group 1-11 
2016/10/13 11:13:01 INFO  - jmeter.threads.JMeterThread: Thread finished: Thread Group 1-11 
2016/10/13 11:13:01 INFO  - jmeter.threads.JMeterThread: Thread is done: Thread Group 1-12 
2016/10/13 11:13:01 INFO  - jmeter.threads.JMeterThread: Thread finished: Thread Group 1-12 
2016/10/13 11:13:01 INFO  - jmeter.threads.JMeterThread: Thread is done: Thread Group 1-13 
2016/10/13 11:13:01 INFO  - jmeter.threads.JMeterThread: Thread finished: Thread Group 1-13 
2016/10/13 11:13:01 INFO  - jmeter.threads.JMeterThread: Thread is done: Thread Group 1-14 
2016/10/13 11:13:01 INFO  - jmeter.threads.JMeterThread: Thread finished: Thread Group 1-14 
2016/10/13 11:13:01 INFO  - jmeter.threads.JMeterThread: Thread is done: Thread Group 1-15 
2016/10/13 11:13:01 INFO  - jmeter.threads.JMeterThread: Thread finished: Thread Group 1-15 
2016/10/13 11:13:01 INFO  - jmeter.threads.JMeterThread: Thread is done: Thread Group 1-16 
2016/10/13 11:13:01 INFO  - jmeter.threads.JMeterThread: Thread finished: Thread Group 1-16 
2016/10/13 11:13:01 ERROR - kg.apc.jmeter.perfmon.PerfMonCollector: Perfmon plugin error: java.net.ConnectException: Connection timed out: connect 
2016/10/13 11:13:01 INFO  - jmeter.threads.JMeterThread: Thread is done: Thread Group 1-17 
2016/10/13 11:13:01 INFO  - jmeter.threads.JMeterThread: Thread finished: Thread Group 1-17 
2016/10/13 11:13:01 INFO  - jmeter.threads.JMeterThread: Thread is done: Thread Group 1-18 
2016/10/13 11:13:01 INFO  - jmeter.threads.JMeterThread: Thread finished: Thread Group 1-18 
2016/10/13 11:13:01 INFO  - jmeter.threads.JMeterThread: Thread is done: Thread Group 1-19 
2016/10/13 11:13:01 INFO  - jmeter.threads.JMeterThread: Thread finished: Thread Group 1-19 
2016/10/13 11:13:01 INFO  - jmeter.threads.JMeterThread: Thread is done: Thread Group 1-20 
2016/10/13 11:13:01 INFO  - jmeter.threads.JMeterThread: Thread finished: Thread Group 1-20 
2016/10/13 11:13:01 INFO  - jmeter.engine.StandardJMeterEngine: Notifying test listeners of end of test 
2016/10/13 11:13:01 INFO  - jmeter.services.FileServer: Close: userpass_kq.csv@1839444357 
2016/10/13 11:13:01 INFO  - jmeter.gui.util.JMeterMenuBar: setRunning(false,*local*) 
